<?xml version="1.0" encoding="UTF-8"?>
<!-- Generated by org.testng.reporters.JUnitXMLReporter -->
<testsuite hostname="SateeshMacBookPro" ignored="0" name="dataProviderTest" tests="4" failures="0" timestamp="02 Mar 2018 04:29:43 GMT" time="15.012" errors="0">
  <testcase name="registrationTest" time="3.952" classname="Practice.com.practice.tests.TestNGPractice.ParameterizingWithDataProvider"/>
  <testcase name="registrationTest" time="2.577" classname="Practice.com.practice.tests.TestNGPractice.ParameterizingWithDataProvider"/>
  <testcase name="registrationTest" time="3.371" classname="Practice.com.practice.tests.TestNGPractice.ParameterizingWithDataProvider"/>
  <testcase name="registrationTest" time="3.129" classname="Practice.com.practice.tests.TestNGPractice.ParameterizingWithDataProvider"/>
</testsuite> <!-- dataProviderTest -->
