<?xml version="1.0" encoding="UTF-8"?>
<!-- Generated by org.testng.reporters.JUnitXMLReporter -->
<testsuite hostname="SateeshMacBookPro" ignored="0" name="parallelClassTest" tests="4" failures="0" timestamp="02 Mar 2018 04:53:05 GMT" time="10.044" errors="0">
  <testcase name="test1" time="5.012" classname="Practice.com.practice.tests.TestNGPractice.ParallelTests"/>
  <testcase name="test3" time="5.012" classname="Practice.com.practice.tests.TestNGPractice.ParallelTest2"/>
  <testcase name="test4" time="5.018" classname="Practice.com.practice.tests.TestNGPractice.ParallelTest2"/>
  <testcase name="test2" time="5.017" classname="Practice.com.practice.tests.TestNGPractice.ParallelTests"/>
</testsuite> <!-- parallelClassTest -->
