<?xml version="1.0" encoding="UTF-8"?>
<!-- Generated by org.testng.reporters.JUnitXMLReporter -->
<testsuite hostname="SateeshMacBookPro" ignored="0" name="parallelTest" tests="2" failures="0" timestamp="02 Mar 2018 04:51:26 GMT" time="5.033" errors="0">
  <testcase name="test2" time="5.021" classname="Practice.com.practice.tests.TestNGPractice.ParallelTests"/>
  <testcase name="test1" time="5.021" classname="Practice.com.practice.tests.TestNGPractice.ParallelTests"/>
</testsuite> <!-- parallelTest -->
