<?xml version="1.0" encoding="UTF-8"?>
<!-- Generated by org.testng.reporters.JUnitXMLReporter -->
<testsuite hostname="SateeshMacBookPro" ignored="1" name="Test" tests="2" failures="0" timestamp="02 Mar 2018 04:52:55 GMT" time="0.065" errors="0">
  <testcase name="firstTest" time="0.018" classname="Practice.com.practice.tests.TestNGPractice.ParameterizationUsingXml"/>
  <testcase name="secondTest" time="0.003" classname="Practice.com.practice.tests.TestNGPractice.ParameterizationUsingXml"/>
  <testcase name="thirdTest" time="0.0" classname="Practice.com.practice.tests.TestNGPractice.ParameterizationUsingXml">
    <ignored/>
  </testcase> <!-- thirdTest -->
</testsuite> <!-- Test -->
