<?xml version="1.0" encoding="UTF-8"?>
<!-- Generated by org.testng.reporters.JUnitXMLReporter -->
<testsuite hostname="SateeshMacBookPro" ignored="2" name="Test1" tests="1" failures="0" timestamp="02 Mar 2018 04:52:55 GMT" time="0.005" errors="0">
  <testcase name="thirdTest" time="0.002" classname="Practice.com.practice.tests.TestNGPractice.ParameterizationUsingXml"/>
  <testcase name="firstTest" time="0.0" classname="Practice.com.practice.tests.TestNGPractice.ParameterizationUsingXml">
    <ignored/>
  </testcase> <!-- firstTest -->
  <testcase name="secondTest" time="0.0" classname="Practice.com.practice.tests.TestNGPractice.ParameterizationUsingXml">
    <ignored/>
  </testcase> <!-- secondTest -->
</testsuite> <!-- Test1 -->
