<?xml version="1.0" encoding="UTF-8"?>
<testng-results skipped="0" failed="0" ignored="0" total="1" passed="1">
  <reporter-output>
  </reporter-output>
  <suite name="Default suite" duration-ms="12581" started-at="2018-03-08T01:16:46Z" finished-at="2018-03-08T01:16:58Z">
    <groups>
    </groups>
    <test name="Default test" duration-ms="12581" started-at="2018-03-08T01:16:46Z" finished-at="2018-03-08T01:16:58Z">
      <class name="SeleniumPractice.RadiobuttonandCheckbox">
        <test-method status="PASS" signature="radioandcheckboxtest()[pri:0, instance:SeleniumPractice.RadiobuttonandCheckbox@7b69c6ba]" name="radioandcheckboxtest" duration-ms="12550" started-at="2018-03-08T01:16:46Z" finished-at="2018-03-08T01:16:58Z">
          <reporter-output>
          </reporter-output>
        </test-method> <!-- radioandcheckboxtest -->
      </class> <!-- SeleniumPractice.RadiobuttonandCheckbox -->
    </test> <!-- Default test -->
  </suite> <!-- Default suite -->
</testng-results>
